<?xml version="1.0" encoding="UTF-8"?>
<coverage generated="1745998199102" clover="3.2.0">
  <project timestamp="1745998199102" name="All files">
    <metrics statements="26" coveredstatements="26" conditionals="11" coveredconditionals="11" methods="13" coveredmethods="13" elements="50" coveredelements="50" complexity="0" loc="26" ncloc="26" packages="2" files="4" classes="4"/>
    <package name="nodejs">
      <metrics statements="19" coveredstatements="19" conditionals="11" coveredconditionals="11" methods="8" coveredmethods="8"/>
      <file name="math.js" path="C:\Users\JR\Desktop\Curso2\mern_jrg\nodejs\math.js">
        <metrics statements="11" coveredstatements="11" conditionals="9" coveredconditionals="9" methods="5" coveredmethods="5"/>
        <line num="2" count="3" type="stmt"/>
        <line num="6" count="4" type="cond" truecount="2" falsecount="0"/>
        <line num="7" count="1" type="stmt"/>
        <line num="9" count="3" type="stmt"/>
        <line num="13" count="1" type="stmt"/>
        <line num="17" count="4" type="stmt"/>
        <line num="29" count="3" type="cond" truecount="3" falsecount="0"/>
        <line num="31" count="1" type="stmt"/>
        <line num="33" count="1" type="stmt"/>
        <line num="35" count="1" type="stmt"/>
        <line num="39" count="1" type="stmt"/>
      </file>
      <file name="nombre.js" path="C:\Users\JR\Desktop\Curso2\mern_jrg\nodejs\nombre.js">
        <metrics statements="3" coveredstatements="3" conditionals="0" coveredconditionals="0" methods="1" coveredmethods="1"/>
        <line num="2" count="2" type="stmt"/>
        <line num="3" count="2" type="stmt"/>
        <line num="6" count="1" type="stmt"/>
      </file>
      <file name="saldo.js" path="C:\Users\JR\Desktop\Curso2\mern_jrg\nodejs\saldo.js">
        <metrics statements="5" coveredstatements="5" conditionals="2" coveredconditionals="2" methods="2" coveredmethods="2"/>
        <line num="2" count="3" type="stmt"/>
        <line num="7" count="4" type="cond" truecount="2" falsecount="0"/>
        <line num="8" count="2" type="stmt"/>
        <line num="9" count="2" type="stmt"/>
        <line num="12" count="1" type="stmt"/>
      </file>
    </package>
    <package name="nodejs.models">
      <metrics statements="7" coveredstatements="7" conditionals="0" coveredconditionals="0" methods="5" coveredmethods="5"/>
      <file name="shoppingCart.js" path="C:\Users\JR\Desktop\Curso2\mern_jrg\nodejs\models\shoppingCart.js">
        <metrics statements="7" coveredstatements="7" conditionals="0" coveredconditionals="0" methods="5" coveredmethods="5"/>
        <line num="4" count="1" type="stmt"/>
        <line num="5" count="1" type="stmt"/>
        <line num="9" count="4" type="stmt"/>
        <line num="13" count="2" type="stmt"/>
        <line num="17" count="1" type="stmt"/>
        <line num="21" count="1" type="stmt"/>
        <line num="25" count="1" type="stmt"/>
      </file>
    </package>
  </project>
</coverage>
