{"C:\\Users\\JR\\Desktop\\Curso2\\mern_jrg\\nodejs\\math.js": {"path":"C:\\Users\\JR\\Desktop\\Curso2\\mern_jrg\\nodejs\\math.js","statementMap":{"0":{"start":{"line":2,"column":4},"end":{"line":2,"column":17}},"1":{"start":{"line":6,"column":4},"end":{"line":8,"column":5}},"2":{"start":{"line":7,"column":6},"end":{"line":7,"column":56}},"3":{"start":{"line":9,"column":4},"end":{"line":9,"column":17}},"4":{"start":{"line":13,"column":4},"end":{"line":13,"column":16}},"5":{"start":{"line":17,"column":4},"end":{"line":17,"column":34}},"6":{"start":{"line":29,"column":4},"end":{"line":36,"column":5}},"7":{"start":{"line":31,"column":12},"end":{"line":31,"column":28}},"8":{"start":{"line":33,"column":12},"end":{"line":33,"column":25}},"9":{"start":{"line":35,"column":12},"end":{"line":35,"column":28}},"10":{"start":{"line":39,"column":0},"end":{"line":39,"column":76}}},"fnMap":{"0":{"name":"sumar","decl":{"start":{"line":1,"column":9},"end":{"line":1,"column":14}},"loc":{"start":{"line":1,"column":21},"end":{"line":3,"column":3}},"line":1},"1":{"name":"dividir","decl":{"start":{"line":5,"column":9},"end":{"line":5,"column":16}},"loc":{"start":{"line":5,"column":23},"end":{"line":10,"column":3}},"line":5},"2":{"name":"restar","decl":{"start":{"line":12,"column":9},"end":{"line":12,"column":15}},"loc":{"start":{"line":12,"column":22},"end":{"line":14,"column":1}},"line":12},"3":{"name":"formatPrice","decl":{"start":{"line":16,"column":9},"end":{"line":16,"column":20}},"loc":{"start":{"line":16,"column":28},"end":{"line":18,"column":1}},"line":16},"4":{"name":"convertirDuracion","decl":{"start":{"line":20,"column":9},"end":{"line":20,"column":26}},"loc":{"start":{"line":20,"column":53},"end":{"line":37,"column":1}},"line":20}},"branchMap":{"0":{"loc":{"start":{"line":6,"column":4},"end":{"line":8,"column":5}},"type":"if","locations":[{"start":{"line":6,"column":4},"end":{"line":8,"column":5}},{"start":{},"end":{}}],"line":6},"1":{"loc":{"start":{"line":29,"column":4},"end":{"line":36,"column":5}},"type":"switch","locations":[{"start":{"line":30,"column":8},"end":{"line":31,"column":28}},{"start":{"line":32,"column":8},"end":{"line":33,"column":25}},{"start":{"line":34,"column":8},"end":{"line":35,"column":28}}],"line":29},"2":{"loc":{"start":{"line":30,"column":13},"end":{"line":30,"column":58}},"type":"binary-expr","locations":[{"start":{"line":30,"column":13},"end":{"line":30,"column":34}},{"start":{"line":30,"column":38},"end":{"line":30,"column":58}}],"line":30},"3":{"loc":{"start":{"line":32,"column":13},"end":{"line":32,"column":59}},"type":"binary-expr","locations":[{"start":{"line":32,"column":13},"end":{"line":32,"column":34}},{"start":{"line":32,"column":38},"end":{"line":32,"column":59}}],"line":32}},"s":{"0":3,"1":4,"2":1,"3":3,"4":1,"5":4,"6":3,"7":1,"8":1,"9":1,"10":1},"f":{"0":3,"1":4,"2":1,"3":4,"4":3},"b":{"0":[1,3],"1":[1,1,1],"2":[3,2],"3":[2,1]},"_coverageSchema":"1a1c01bbd47fc00a2c39e90264f33305004495a9","hash":"572afbbbac13142439896f568edebc1f2925773e"}
,"C:\\Users\\JR\\Desktop\\Curso2\\mern_jrg\\nodejs\\nombre.js": {"path":"C:\\Users\\JR\\Desktop\\Curso2\\mern_jrg\\nodejs\\nombre.js","statementMap":{"0":{"start":{"line":2,"column":23},"end":{"line":2,"column":47}},"1":{"start":{"line":3,"column":4},"end":{"line":3,"column":22}},"2":{"start":{"line":6,"column":0},"end":{"line":6,"column":30}}},"fnMap":{"0":{"name":"MiNombre","decl":{"start":{"line":1,"column":9},"end":{"line":1,"column":17}},"loc":{"start":{"line":1,"column":20},"end":{"line":4,"column":3}},"line":1}},"branchMap":{},"s":{"0":2,"1":2,"2":1},"f":{"0":2},"b":{},"_coverageSchema":"1a1c01bbd47fc00a2c39e90264f33305004495a9","hash":"3310d2f8536b62817b9f8677f791799be8146254"}
,"C:\\Users\\JR\\Desktop\\Curso2\\mern_jrg\\nodejs\\saldo.js": {"path":"C:\\Users\\JR\\Desktop\\Curso2\\mern_jrg\\nodejs\\saldo.js","statementMap":{"0":{"start":{"line":2,"column":4},"end":{"line":2,"column":15}},"1":{"start":{"line":7,"column":4},"end":{"line":8,"column":19}},"2":{"start":{"line":8,"column":8},"end":{"line":8,"column":19}},"3":{"start":{"line":9,"column":4},"end":{"line":9,"column":16}},"4":{"start":{"line":12,"column":0},"end":{"line":12,"column":42}}},"fnMap":{"0":{"name":"getSaldo","decl":{"start":{"line":1,"column":9},"end":{"line":1,"column":17}},"loc":{"start":{"line":1,"column":20},"end":{"line":4,"column":1}},"line":1},"1":{"name":"tieneSaldo","decl":{"start":{"line":6,"column":9},"end":{"line":6,"column":19}},"loc":{"start":{"line":6,"column":35},"end":{"line":10,"column":1}},"line":6}},"branchMap":{"0":{"loc":{"start":{"line":7,"column":4},"end":{"line":8,"column":19}},"type":"if","locations":[{"start":{"line":7,"column":4},"end":{"line":8,"column":19}},{"start":{},"end":{}}],"line":7}},"s":{"0":3,"1":4,"2":2,"3":2,"4":1},"f":{"0":3,"1":4},"b":{"0":[2,2]},"_coverageSchema":"1a1c01bbd47fc00a2c39e90264f33305004495a9","hash":"b83bd0e355473ae0b5a1e515b3f3ab9f1d8aac10"}
,"C:\\Users\\JR\\Desktop\\Curso2\\mern_jrg\\nodejs\\models\\shoppingCart.js": {"path":"C:\\Users\\JR\\Desktop\\Curso2\\mern_jrg\\nodejs\\models\\shoppingCart.js","statementMap":{"0":{"start":{"line":4,"column":8},"end":{"line":4,"column":23}},"1":{"start":{"line":5,"column":8},"end":{"line":5,"column":32}},"2":{"start":{"line":9,"column":8},"end":{"line":9,"column":32}},"3":{"start":{"line":13,"column":8},"end":{"line":13,"column":29}},"4":{"start":{"line":17,"column":8},"end":{"line":17,"column":23}},"5":{"start":{"line":21,"column":8},"end":{"line":21,"column":25}},"6":{"start":{"line":25,"column":0},"end":{"line":25,"column":33}}},"fnMap":{"0":{"name":"(anonymous_0)","decl":{"start":{"line":3,"column":4},"end":{"line":3,"column":5}},"loc":{"start":{"line":3,"column":27},"end":{"line":6,"column":5}},"line":3},"1":{"name":"(anonymous_1)","decl":{"start":{"line":8,"column":4},"end":{"line":8,"column":5}},"loc":{"start":{"line":8,"column":19},"end":{"line":10,"column":5}},"line":8},"2":{"name":"(anonymous_2)","decl":{"start":{"line":12,"column":4},"end":{"line":12,"column":5}},"loc":{"start":{"line":12,"column":18},"end":{"line":14,"column":5}},"line":12},"3":{"name":"(anonymous_3)","decl":{"start":{"line":16,"column":4},"end":{"line":16,"column":5}},"loc":{"start":{"line":16,"column":16},"end":{"line":18,"column":5}},"line":16},"4":{"name":"(anonymous_4)","decl":{"start":{"line":20,"column":4},"end":{"line":20,"column":5}},"loc":{"start":{"line":20,"column":15},"end":{"line":22,"column":5}},"line":20}},"branchMap":{},"s":{"0":1,"1":1,"2":4,"3":2,"4":1,"5":1,"6":1},"f":{"0":1,"1":4,"2":2,"3":1,"4":1},"b":{},"_coverageSchema":"1a1c01bbd47fc00a2c39e90264f33305004495a9","hash":"c3a8d1d22cc4712478d7ee30ecc5baa446a0c48a"}
}
