TN:
SF:math.js
FN:1,sumar
FN:5,dividir
FN:12,restar
FN:16,formatPrice
FN:20,convertirDuracion
FNF:5
FNH:5
FNDA:3,sumar
FNDA:4,dividir
FNDA:1,restar
FNDA:4,formatPrice
FNDA:3,convertirDuracion
DA:2,3
DA:6,4
DA:7,1
DA:9,3
DA:13,1
DA:17,4
DA:29,3
DA:31,1
DA:33,1
DA:35,1
DA:39,1
LF:11
LH:11
BRDA:6,0,0,1
BRDA:6,0,1,3
BRDA:29,1,0,1
BRDA:29,1,1,1
BRDA:29,1,2,1
BRDA:30,2,0,3
BRDA:30,2,1,2
BRDA:32,3,0,2
BRDA:32,3,1,1
BRF:9
BRH:9
end_of_record
TN:
SF:nombre.js
FN:1,MiNombre
FNF:1
FNH:1
FNDA:2,MiNombre
DA:2,2
DA:3,2
DA:6,1
LF:3
LH:3
BRF:0
BRH:0
end_of_record
TN:
SF:saldo.js
FN:1,getSaldo
FN:6,tieneSaldo
FNF:2
FNH:2
FNDA:3,getSaldo
FNDA:4,tieneSaldo
DA:2,3
DA:7,4
DA:8,2
DA:9,2
DA:12,1
LF:5
LH:5
BRDA:7,0,0,2
BRDA:7,0,1,2
BRF:2
BRH:2
end_of_record
TN:
SF:models\shoppingCart.js
FN:3,(anonymous_0)
FN:8,(anonymous_1)
FN:12,(anonymous_2)
FN:16,(anonymous_3)
FN:20,(anonymous_4)
FNF:5
FNH:5
FNDA:1,(anonymous_0)
FNDA:4,(anonymous_1)
FNDA:2,(anonymous_2)
FNDA:1,(anonymous_3)
FNDA:1,(anonymous_4)
DA:4,1
DA:5,1
DA:9,4
DA:13,2
DA:17,1
DA:21,1
DA:25,1
LF:7
LH:7
BRF:0
BRH:0
end_of_record
